<?xml version="1.0" encoding="UTF-8"?>
<!-- Generated by org.testng.reporters.JUnitReportReporter -->
<testsuite hostname="DESKTOP-2A8DDC6" failures="1" tests="54" name="TestRunner.Testrunner" time="241.732" errors="2" timestamp="2023-06-12T11:42:43 IST" skipped="0">
  <testcase classname="TestRunner.Testrunner" name="runScenario" time="2.536"/>
  <system-out/>
  <testcase classname="TestRunner.Testrunner" name="runScenario" time="9.236">
    <error message="no such element: Unable to locate element: {&quot;method&quot;:&quot;xpath&quot;,&quot;selector&quot;:&quot;//h5[text()=&#039;Widgets&#039;]&quot;}
  (Session info: MicrosoftEdge=114.0.1823.43)
For documentation on this error, please visit: https://www.seleniumhq.org/exceptions/no_such_element.html
Build info: version: &#039;3.141.59&#039;, revision: &#039;e82be7d358&#039;, time: &#039;2018-11-14T08:17:03&#039;
System info: host: &#039;DESKTOP-2A8DDC6&#039;, ip: &#039;192.168.29.14&#039;, os.name: &#039;Windows 10&#039;, os.arch: &#039;amd64&#039;, os.version: &#039;10.0&#039;, java.version: &#039;19.0.1&#039;
Driver info: org.openqa.selenium.edge.EdgeDriver
Capabilities {acceptInsecureCerts: false, browserName: msedge, browserVersion: 114.0.1823.43, javascriptEnabled: true, ms:edgeOptions: {debuggerAddress: localhost:60060}, msedge: {msedgedriverVersion: 114.0.1823.43 (ef5b3acd8c1d..., userDataDir: C:\Users\VAMSHI~1\AppData\L...}, networkConnectionEnabled: false, pageLoadStrategy: normal, platform: WINDOWS, platformName: WINDOWS, proxy: Proxy(), setWindowRect: true, strictFileInteractability: false, timeouts: {implicit: 0, pageLoad: 300000, script: 30000}, unhandledPromptBehavior: dismiss and notify, webauthn:extension:credBlob: true, webauthn:extension:largeBlob: true, webauthn:extension:minPinLength: true, webauthn:extension:prf: true, webauthn:virtualAuthenticators: true}
Session ID: e3f0ee42169bcbb8bf0c06ce229da4d8
*** Element info: {Using=xpath, value=//h5[text()=&#039;Widgets&#039;]}" type="org.openqa.selenium.NoSuchElementException">
      <![CDATA[org.openqa.selenium.NoSuchElementException: no such element: Unable to locate element: {"method":"xpath","selector":"//h5[text()='Widgets']"}
  (Session info: MicrosoftEdge=114.0.1823.43)
For documentation on this error, please visit: https://www.seleniumhq.org/exceptions/no_such_element.html
Build info: version: '3.141.59', revision: 'e82be7d358', time: '2018-11-14T08:17:03'
System info: host: 'DESKTOP-2A8DDC6', ip: '192.168.29.14', os.name: 'Windows 10', os.arch: 'amd64', os.version: '10.0', java.version: '19.0.1'
Driver info: org.openqa.selenium.edge.EdgeDriver
Capabilities {acceptInsecureCerts: false, browserName: msedge, browserVersion: 114.0.1823.43, javascriptEnabled: true, ms:edgeOptions: {debuggerAddress: localhost:60060}, msedge: {msedgedriverVersion: 114.0.1823.43 (ef5b3acd8c1d..., userDataDir: C:\Users\VAMSHI~1\AppData\L...}, networkConnectionEnabled: false, pageLoadStrategy: normal, platform: WINDOWS, platformName: WINDOWS, proxy: Proxy(), setWindowRect: true, strictFileInteractability: false, timeouts: {implicit: 0, pageLoad: 300000, script: 30000}, unhandledPromptBehavior: dismiss and notify, webauthn:extension:credBlob: true, webauthn:extension:largeBlob: true, webauthn:extension:minPinLength: true, webauthn:extension:prf: true, webauthn:virtualAuthenticators: true}
Session ID: e3f0ee42169bcbb8bf0c06ce229da4d8
*** Element info: {Using=xpath, value=//h5[text()='Widgets']}
at java.base/jdk.internal.reflect.DirectConstructorHandleAccessor.newInstance(DirectConstructorHandleAccessor.java:67)
at java.base/java.lang.reflect.Constructor.newInstanceWithCaller(Constructor.java:500)
at java.base/java.lang.reflect.Constructor.newInstance(Constructor.java:484)
at org.openqa.selenium.remote.http.W3CHttpResponseCodec.createException(W3CHttpResponseCodec.java:187)
at org.openqa.selenium.remote.http.W3CHttpResponseCodec.decode(W3CHttpResponseCodec.java:122)
at org.openqa.selenium.remote.http.W3CHttpResponseCodec.decode(W3CHttpResponseCodec.java:49)
at org.openqa.selenium.remote.HttpCommandExecutor.execute(HttpCommandExecutor.java:158)
at org.openqa.selenium.remote.service.DriverCommandExecutor.execute(DriverCommandExecutor.java:83)
at org.openqa.selenium.remote.RemoteWebDriver.execute(RemoteWebDriver.java:552)
at org.openqa.selenium.remote.RemoteWebDriver.findElement(RemoteWebDriver.java:323)
at org.openqa.selenium.remote.RemoteWebDriver.findElementByXPath(RemoteWebDriver.java:428)
at org.openqa.selenium.By$ByXPath.findElement(By.java:353)
at org.openqa.selenium.remote.RemoteWebDriver.findElement(RemoteWebDriver.java:315)
at ComanLocaters.ComanLocaters.xpath(ComanLocaters.java:32)
at Step_Definition.Widgets.click_on_the_Widgets_linktwotimes(Widgets.java:61)
at ✽.Click on the Widgets linktwotimes.(file:///C:/Users/VamshidharReddyDevir/eclipse-workspace/Testngprograms/AllureInCucumberTestNg/src/test/resources/Features/Widgets2.feature:16)
]]>
    </error>
  </testcase> <!-- runScenario -->
  <system-out/>
  <testcase classname="TestRunner.Testrunner" name="runScenario" time="2.020"/>
  <system-out/>
  <testcase classname="TestRunner.Testrunner" name="runScenario" time="10.960"/>
  <system-out/>
  <testcase classname="TestRunner.Testrunner" name="runScenario" time="4.355"/>
  <system-out/>
  <testcase classname="TestRunner.Testrunner" name="runScenario" time="1.766"/>
  <system-out/>
  <testcase classname="TestRunner.Testrunner" name="runScenario" time="16.149"/>
  <system-out/>
  <testcase classname="TestRunner.Testrunner" name="runScenario" time="1.789"/>
  <system-out/>
  <testcase classname="TestRunner.Testrunner" name="runScenario" time="1.607"/>
  <system-out/>
  <testcase classname="TestRunner.Testrunner" name="runScenario" time="4.788"/>
  <system-out/>
  <testcase classname="TestRunner.Testrunner" name="runScenario" time="2.423"/>
  <system-out/>
  <testcase classname="TestRunner.Testrunner" name="runScenario" time="6.150"/>
  <system-out/>
  <testcase classname="TestRunner.Testrunner" name="runScenario" time="2.701"/>
  <system-out/>
  <testcase classname="TestRunner.Testrunner" name="runScenario" time="4.150"/>
  <system-out/>
  <testcase classname="TestRunner.Testrunner" name="runScenario" time="1.640"/>
  <system-out/>
  <testcase classname="TestRunner.Testrunner" name="runScenario" time="4.461"/>
  <system-out/>
  <testcase classname="TestRunner.Testrunner" name="runScenario" time="1.312"/>
  <system-out/>
  <testcase classname="TestRunner.Testrunner" name="runScenario" time="3.275"/>
  <system-out/>
  <testcase classname="TestRunner.Testrunner" name="runScenario" time="34.219"/>
  <system-out/>
  <testcase classname="TestRunner.Testrunner" name="runScenario" time="1.728"/>
  <system-out/>
  <testcase classname="TestRunner.Testrunner" name="runScenario" time="4.259"/>
  <system-out/>
  <testcase classname="TestRunner.Testrunner" name="runScenario" time="2.463"/>
  <system-out/>
  <testcase classname="TestRunner.Testrunner" name="runScenario" time="3.008"/>
  <system-out/>
  <testcase classname="TestRunner.Testrunner" name="runScenario" time="1.761"/>
  <system-out/>
  <testcase classname="TestRunner.Testrunner" name="runScenario" time="1.565"/>
  <system-out/>
  <testcase classname="TestRunner.Testrunner" name="runScenario" time="4.117"/>
  <system-out/>
  <testcase classname="TestRunner.Testrunner" name="runScenario" time="2.994"/>
  <system-out/>
  <testcase classname="TestRunner.Testrunner" name="runScenario" time="5.594">
    <failure message="expected [0] but found [5]" type="java.lang.AssertionError">
      <![CDATA[java.lang.AssertionError: expected [0] but found [5]
at org.testng.Assert.fail(Assert.java:97)
at org.testng.Assert.assertEqualsImpl(Assert.java:136)
at org.testng.Assert.assertEquals(Assert.java:118)
at org.testng.Assert.assertEquals(Assert.java:839)
at org.testng.Assert.assertEquals(Assert.java:849)
at Step_Definition.BookstoreApplication.sublinks_will_be_close(BookstoreApplication.java:43)
at ✽.sublinks will be close(file:///C:/Users/VamshidharReddyDevir/eclipse-workspace/Testngprograms/AllureInCucumberTestNg/src/test/resources/Features/Widgets.feature:29)
]]>
    </failure>
  </testcase> <!-- runScenario -->
  <system-out/>
  <testcase classname="TestRunner.Testrunner" name="runScenario" time="2.987"/>
  <system-out/>
  <testcase classname="TestRunner.Testrunner" name="runScenario" time="2.724"/>
  <system-out/>
  <testcase classname="TestRunner.Testrunner" name="runScenario" time="2.562"/>
  <system-out/>
  <testcase classname="TestRunner.Testrunner" name="runScenario" time="5.396"/>
  <system-out/>
  <testcase classname="TestRunner.Testrunner" name="runScenario" time="3.090"/>
  <system-out/>
  <testcase classname="TestRunner.Testrunner" name="runScenario" time="3.096"/>
  <system-out/>
  <testcase classname="TestRunner.Testrunner" name="runScenario" time="2.226"/>
  <system-out/>
  <testcase classname="TestRunner.Testrunner" name="runScenario" time="4.576"/>
  <system-out/>
  <testcase classname="TestRunner.Testrunner" name="runScenario" time="4.419"/>
  <system-out/>
  <testcase classname="TestRunner.Testrunner" name="runScenario" time="2.942"/>
  <system-out/>
  <testcase classname="TestRunner.Testrunner" name="runScenario" time="5.137"/>
  <system-out/>
  <testcase classname="TestRunner.Testrunner" name="runScenario" time="5.448"/>
  <system-out/>
  <testcase classname="TestRunner.Testrunner" name="runScenario" time="4.683"/>
  <system-out/>
  <testcase classname="TestRunner.Testrunner" name="runScenario" time="4.754"/>
  <system-out/>
  <testcase classname="TestRunner.Testrunner" name="runScenario" time="2.238"/>
  <system-out/>
  <testcase classname="TestRunner.Testrunner" name="runScenario" time="2.030"/>
  <system-out/>
  <testcase classname="TestRunner.Testrunner" name="runScenario" time="5.154"/>
  <system-out/>
  <testcase classname="TestRunner.Testrunner" name="runScenario" time="9.413">
    <error message="no such element: Unable to locate element: {&quot;method&quot;:&quot;xpath&quot;,&quot;selector&quot;:&quot;//h5[text()=&#039;Widgets&#039;]&quot;}
  (Session info: MicrosoftEdge=114.0.1823.43)
For documentation on this error, please visit: https://www.seleniumhq.org/exceptions/no_such_element.html
Build info: version: &#039;3.141.59&#039;, revision: &#039;e82be7d358&#039;, time: &#039;2018-11-14T08:17:03&#039;
System info: host: &#039;DESKTOP-2A8DDC6&#039;, ip: &#039;192.168.29.14&#039;, os.name: &#039;Windows 10&#039;, os.arch: &#039;amd64&#039;, os.version: &#039;10.0&#039;, java.version: &#039;19.0.1&#039;
Driver info: org.openqa.selenium.edge.EdgeDriver
Capabilities {acceptInsecureCerts: false, browserName: msedge, browserVersion: 114.0.1823.43, javascriptEnabled: true, ms:edgeOptions: {debuggerAddress: localhost:60060}, msedge: {msedgedriverVersion: 114.0.1823.43 (ef5b3acd8c1d..., userDataDir: C:\Users\VAMSHI~1\AppData\L...}, networkConnectionEnabled: false, pageLoadStrategy: normal, platform: WINDOWS, platformName: WINDOWS, proxy: Proxy(), setWindowRect: true, strictFileInteractability: false, timeouts: {implicit: 0, pageLoad: 300000, script: 30000}, unhandledPromptBehavior: dismiss and notify, webauthn:extension:credBlob: true, webauthn:extension:largeBlob: true, webauthn:extension:minPinLength: true, webauthn:extension:prf: true, webauthn:virtualAuthenticators: true}
Session ID: e3f0ee42169bcbb8bf0c06ce229da4d8
*** Element info: {Using=xpath, value=//h5[text()=&#039;Widgets&#039;]}" type="org.openqa.selenium.NoSuchElementException">
      <![CDATA[org.openqa.selenium.NoSuchElementException: no such element: Unable to locate element: {"method":"xpath","selector":"//h5[text()='Widgets']"}
  (Session info: MicrosoftEdge=114.0.1823.43)
For documentation on this error, please visit: https://www.seleniumhq.org/exceptions/no_such_element.html
Build info: version: '3.141.59', revision: 'e82be7d358', time: '2018-11-14T08:17:03'
System info: host: 'DESKTOP-2A8DDC6', ip: '192.168.29.14', os.name: 'Windows 10', os.arch: 'amd64', os.version: '10.0', java.version: '19.0.1'
Driver info: org.openqa.selenium.edge.EdgeDriver
Capabilities {acceptInsecureCerts: false, browserName: msedge, browserVersion: 114.0.1823.43, javascriptEnabled: true, ms:edgeOptions: {debuggerAddress: localhost:60060}, msedge: {msedgedriverVersion: 114.0.1823.43 (ef5b3acd8c1d..., userDataDir: C:\Users\VAMSHI~1\AppData\L...}, networkConnectionEnabled: false, pageLoadStrategy: normal, platform: WINDOWS, platformName: WINDOWS, proxy: Proxy(), setWindowRect: true, strictFileInteractability: false, timeouts: {implicit: 0, pageLoad: 300000, script: 30000}, unhandledPromptBehavior: dismiss and notify, webauthn:extension:credBlob: true, webauthn:extension:largeBlob: true, webauthn:extension:minPinLength: true, webauthn:extension:prf: true, webauthn:virtualAuthenticators: true}
Session ID: e3f0ee42169bcbb8bf0c06ce229da4d8
*** Element info: {Using=xpath, value=//h5[text()='Widgets']}
at java.base/jdk.internal.reflect.DirectConstructorHandleAccessor.newInstance(DirectConstructorHandleAccessor.java:67)
at java.base/java.lang.reflect.Constructor.newInstanceWithCaller(Constructor.java:500)
at java.base/java.lang.reflect.Constructor.newInstance(Constructor.java:484)
at org.openqa.selenium.remote.http.W3CHttpResponseCodec.createException(W3CHttpResponseCodec.java:187)
at org.openqa.selenium.remote.http.W3CHttpResponseCodec.decode(W3CHttpResponseCodec.java:122)
at org.openqa.selenium.remote.http.W3CHttpResponseCodec.decode(W3CHttpResponseCodec.java:49)
at org.openqa.selenium.remote.HttpCommandExecutor.execute(HttpCommandExecutor.java:158)
at org.openqa.selenium.remote.service.DriverCommandExecutor.execute(DriverCommandExecutor.java:83)
at org.openqa.selenium.remote.RemoteWebDriver.execute(RemoteWebDriver.java:552)
at org.openqa.selenium.remote.RemoteWebDriver.findElement(RemoteWebDriver.java:323)
at org.openqa.selenium.remote.RemoteWebDriver.findElementByXPath(RemoteWebDriver.java:428)
at org.openqa.selenium.By$ByXPath.findElement(By.java:353)
at org.openqa.selenium.remote.RemoteWebDriver.findElement(RemoteWebDriver.java:315)
at ComanLocaters.ComanLocaters.xpath(ComanLocaters.java:32)
at Step_Definition.Widgets.click_on_the_Widgets_linktwotimes(Widgets.java:61)
at ✽.Click on the Widgets linktwotimes.(file:///C:/Users/VamshidharReddyDevir/eclipse-workspace/Testngprograms/AllureInCucumberTestNg/src/test/resources/Features/Widgets.feature:16)
]]>
    </error>
  </testcase> <!-- runScenario -->
  <system-out/>
  <testcase classname="TestRunner.Testrunner" name="runScenario" time="1.468"/>
  <system-out/>
  <testcase classname="TestRunner.Testrunner" name="runScenario" time="4.498"/>
  <system-out/>
  <testcase classname="TestRunner.Testrunner" name="runScenario" time="1.428"/>
  <system-out/>
  <testcase classname="TestRunner.Testrunner" name="runScenario" time="3.993"/>
  <system-out/>
  <testcase classname="TestRunner.Testrunner" name="runScenario" time="3.328"/>
  <system-out/>
  <testcase classname="TestRunner.Testrunner" name="runScenario" time="2.777"/>
  <system-out/>
  <testcase classname="TestRunner.Testrunner" name="runScenario" time="6.385"/>
  <system-out/>
  <testcase classname="TestRunner.Testrunner" name="runScenario" time="1.954"/>
  <system-out/>
</testsuite> <!-- TestRunner.Testrunner -->
